[0.102s] Invoking command in '/home/tzq/town_ws/build/village_wang': CMAKE_PREFIX_PATH=${CMAKE_PREFIX_PATH}:/opt/ros/humble /usr/bin/cmake --build /home/tzq/town_ws/build/village_wang -- -j2 -l2
[0.207s] [35m[1mConsolidate compiler generated dependencies of target wang2_node[0m
[0.253s] [ 50%] [32mBuilding CXX object CMakeFiles/wang2_node.dir/src/wang2.cpp.o[0m
[3.443s] In file included from [01m[K/opt/ros/humble/include/rclcpp/rclcpp/logging.hpp:24[m[K,
[3.443s]                  from [01m[K/opt/ros/humble/include/rclcpp/rclcpp/client.hpp:40[m[K,
[3.443s]                  from [01m[K/opt/ros/humble/include/rclcpp/rclcpp/callback_group.hpp:24[m[K,
[3.443s]                  from [01m[K/opt/ros/humble/include/rclcpp/rclcpp/any_executable.hpp:20[m[K,
[3.443s]                  from [01m[K/opt/ros/humble/include/rclcpp/rclcpp/memory_strategy.hpp:25[m[K,
[3.443s]                  from [01m[K/opt/ros/humble/include/rclcpp/rclcpp/memory_strategies.hpp:18[m[K,
[3.443s]                  from [01m[K/opt/ros/humble/include/rclcpp/rclcpp/executor_options.hpp:20[m[K,
[3.443s]                  from [01m[K/opt/ros/humble/include/rclcpp/rclcpp/executor.hpp:37[m[K,
[3.443s]                  from [01m[K/opt/ros/humble/include/rclcpp/rclcpp/executors/multi_threaded_executor.hpp:25[m[K,
[3.444s]                  from [01m[K/opt/ros/humble/include/rclcpp/rclcpp/executors.hpp:21[m[K,
[3.444s]                  from [01m[K/opt/ros/humble/include/rclcpp/rclcpp/rclcpp.hpp:155[m[K,
[3.444s]                  from [01m[K/home/tzq/town_ws/src/village_wang/src/wang2.cpp:1[m[K:
[3.444s] [01m[K/home/tzq/town_ws/src/village_wang/src/wang2.cpp:[m[K In constructor â€˜[01m[KsingleDogNode::singleDogNode(std::string)[m[Kâ€™:
[3.444s] [01m[K/home/tzq/town_ws/src/village_wang/src/wang2.cpp:12:53:[m[K [01;31m[Kerror: [m[Kinvalid use of non-static member function â€˜[01m[Kconst _CharT* std::__cxx11::basic_string<_CharT, _Traits, _Alloc>::c_str() const [with _CharT = char; _Traits = std::char_traits<char>; _Alloc = std::allocator<char>][m[Kâ€™
[3.444s]    12 |  RCLCPP_INFO(this->get_logger(),"danshengou%s",[01;31m[Kname.c_str[m[K);
[3.444s]       |                                                [01;31m[K~~~~~^~~~~[m[K
[3.444s] In file included from [01m[K/usr/include/c++/11/string:55[m[K,
[3.444s]                  from [01m[K/usr/include/c++/11/stdexcept:39[m[K,
[3.444s]                  from [01m[K/usr/include/c++/11/system_error:41[m[K,
[3.444s]                  from [01m[K/usr/include/c++/11/mutex:42[m[K,
[3.444s]                  from [01m[K/usr/include/c++/11/future:38[m[K,
[3.444s]                  from [01m[K/opt/ros/humble/include/rclcpp/rclcpp/executors.hpp:18[m[K,
[3.445s]                  from [01m[K/opt/ros/humble/include/rclcpp/rclcpp/rclcpp.hpp:155[m[K,
[3.445s]                  from [01m[K/home/tzq/town_ws/src/village_wang/src/wang2.cpp:1[m[K:
[3.445s] [01m[K/usr/include/c++/11/bits/basic_string.h:2320:7:[m[K [01;36m[Knote: [m[Kdeclared here
[3.445s]  2320 |       [01;36m[Kc_str[m[K() const _GLIBCXX_NOEXCEPT
[3.445s]       |       [01;36m[K^~~~~[m[K
[4.080s] gmake[2]: *** [CMakeFiles/wang2_node.dir/build.make:76ï¼šCMakeFiles/wang2_node.dir/src/wang2.cpp.o] é”™è¯¯ 1
[4.081s] gmake[1]: *** [CMakeFiles/Makefile2:137ï¼šCMakeFiles/wang2_node.dir/all] é”™è¯¯ 2
[4.081s] gmake: *** [Makefile:146ï¼šall] é”™è¯¯ 2
[4.092s] Invoked command in '/home/tzq/town_ws/build/village_wang' returned '2': CMAKE_PREFIX_PATH=${CMAKE_PREFIX_PATH}:/opt/ros/humble /usr/bin/cmake --build /home/tzq/town_ws/build/village_wang -- -j2 -l2
